make all --print-data-base --no-builtin-variables --no-builtin-rules --question
# GNU Make 3.81
# Copyright (C) 2006  Free Software Foundation, Inc.
# This is free software; see the source for copying conditions.
# There is NO warranty; not even for MERCHANTABILITY or FITNESS FOR A
# PARTICULAR PURPOSE.

# This program built for i386-apple-darwin11.3.0
 
make: *** No rule to make target `all'.  Stop.


# Make data base, printed on Sat Jun 11 16:31:53 2022

# Variables

# automatic
<D = $(patsubst %/,%,$(dir $<))
# makefile (from `Makefile', line 6)
PATTERN_NAME := "pattern-web-hello-python"
# automatic
?F = $(notdir $?)
# environment
VSCODE_LOG_NATIVE = false
# automatic
?D = $(patsubst %/,%,$(dir $?))
# automatic
@D = $(patsubst %/,%,$(dir $@))
# automatic
@F = $(notdir $@)
# makefile
CURDIR := /Users/josephpearson/dev/web-helloworld-python
# makefile
SHELL = /bin/sh
# environment
VSCODE_NLS_CONFIG = {"locale":"en-us","availableLanguages":{},"_languagePackSupport":true}
# environment
_ = /usr/bin/make
# makefile (from `Makefile', line 1)
MAKEFILE_LIST :=  Makefile
# environment
VSCODE_VERBOSE_LOGGING = true
# environment
__CFBundleIdentifier = com.microsoft.VSCode
# environment
VSCODE_IPC_HOOK_EXTHOST = /var/folders/dp/8hmlhzqs53n1j6hvyp60zfkr0000gn/T/vscode-ipc-82b18606-d8b4-46c9-bc6f-c727aced050c.sock
# environment
VSCODE_CWD = /
# environment
PATH = /usr/local/sbin:/usr/local/bin:/usr/bin:/bin:/usr/sbin:/sbin:/usr/local/share/dotnet:/opt/X11/bin:/Library/Apple/usr/bin:/Library/Frameworks/Mono.framework/Versions/Current/Commands:/Applications/Wireshark.app/Contents/MacOS
# makefile (from `Makefile', line 3)
DOCKER_HUB_ID = ibmosquito
# makefile (from `Makefile', line 4)
SERVICE_NAME := "web-hello-python"
# environment
VSCODE_LOG_STACK = false
# environment
ELECTRON_RUN_AS_NODE = 1
# default
.FEATURES := target-specific order-only second-expansion else-if archives jobserver check-symlink
# environment
 
SSH_AUTH_SOCK = /private/tmp/com.apple.launchd.oMd4WNIJzS/Listeners
# automatic
%F = $(notdir $%)
# environment
DISPLAY = /private/tmp/com.apple.launchd.GX2rCXOEaI/org.macosforge.xquartz:0
# environment
VSCODE_PIPE_LOGGING = true
# environment
PWD = /Users/josephpearson/dev/web-helloworld-python
# environment
ORIGINAL_XDG_CURRENT_DESKTOP = undefined
# environment
VSCODE_AMD_ENTRYPOINT = vs/workbench/api/node/extensionHostProcess
# environment
HOME = /Users/josephpearson
# default
MAKEFILEPATH := /Applications/Xcode.app/Contents/Developer/Makefiles
# environment
VSCODE_CODE_CACHE_PATH = /Users/josephpearson/Library/Application Support/Code/CachedData/4af164ea3a06f701fe3e89a2bcbb421d2026b68f
# environment
LOGNAME = josephpearson
# environment
APPLICATION_INSIGHTS_NO_DIAGNOSTIC_CHANNEL = true
# environment
VSCODE_HANDLES_UNCAUGHT_ERRORS = true
# automatic
^D = $(patsubst %/,%,$(dir $^))
# environment
XPC_FLAGS = 0x0
# default
MAKE = $(MAKE_COMMAND)
# default
MAKECMDGOALS := all
# environment
SHLVL = 1
# default
MAKE_VERSION := 3.81
# environment
USER = josephpearson
# makefile
.DEFAULT_GOAL := default
# automatic
%D = $(patsubst %/,%,$(dir $%))
# default
MAKE_COMMAND := /Applications/Xcode.app/Contents/Developer/usr/bin/make
# default
.VARIABLES := 
# environment
TMPDIR = /var/folders/dp/8hmlhzqs53n1j6hvyp60zfkr0000gn/T/
# automatic
*F = $(notdir $*)
# environment
VSCODE_IPC_HOOK = /Users/josephpearson/Library/Application Support/Code/1.68.0-main.sock
# makefile (from `Makefile', line 7)
ARCH := "amd64"
# makefile
MAKEFLAGS = Rrqp
# environment
MFLAGS = -Rrqp
# automatic
*D = $(patsubst %/,%,$(dir $*))
# environment
XPC_SERVICE_NAME = application.com.microsoft.VSCode.8652952071.8652952077
# automatic
+D = $(patsubst %/,%,$(dir $+))
# automatic
+F = $(notdir $+)
# makefile (from `Makefile', line 5)
SERVICE_VERSION := "1.0.0"
# environment
__CF_USER_TEXT_ENCODING = 0x1F5:0x0:0x0
# environment
COMMAND_MODE = unix2003
# default
MAKEFILES := 
# automatic
<F = $(notdir $<)
# makefile (from `Makefile', line 11)
CONTAINER_CREDS := 
# environment
LC_ALL = C
# automatic
^F = $(notdir $^)
# default
SUFFIXES := 
# default
.INCLUDE_DIRS = /usr/local/include
# environment
MAKELEVEL := 0
# environment
LANG = C
# environment
VSCODE_PID = 24691
# variable set hash-table stats:
# Load=69/1024=7%, Rehash=0, Collisions=1/94=1%

# Pattern-specific Variable Values

# No pattern-specific variable values.

# Directories

# . (device 16777221, inode 8652948257): 11 files, no impossibilities.

# 11 files, no impossibilities in 1 directories.
 

# Implicit Rules

# No implicit rules.

# Files

publish-service:
#  Phony target (prerequisite of .PHONY).
#  Implicit rule search has not been done.
#  File does not exist.
#  File has not been updated.
#  commands to execute (from `Makefile', line 38):
	@ARCH=$(ARCH) \
	SERVICE_NAME="$(SERVICE_NAME)" \
	SERVICE_VERSION="$(SERVICE_VERSION)"\
	SERVICE_CONTAINER="$(DOCKERHUB_ID)/$(SERVICE_NAME):$(SERVICE_VERSION)" \
	hzn exchange service publish -O $(CONTAINER_CREDS) -f service.json --pull-image
	

stop:
#  Phony target (prerequisite of .PHONY).
#  Implicit rule search has not been done.
#  File does not exist.
#  File has not been updated.
#  commands to execute (from `Makefile', line 52):
	@docker rm -f ${SERVICE_NAME} >/dev/null 2>&1 || :
	

# Not a target:
all:
#  Command-line target.
#  Implicit rule search has been done.
#  File does not exist.
#  File has not been updated.
# variable set hash-table stats:
# Load=0/32=0%, Rehash=0, Collisions=0/0=0%

.PHONY: build dev run push publish-service publish-pattern test stop clean agent-run agent-stop
#  Implicit rule search has not been done.
#  Modification time never checked.
#  File has not been updated.

publish-pattern:
#  Phony target (prerequisite of .PHONY).
#  Implicit rule search has not been done.
#  File does not exist.
#  File has not been updated.
#  commands to execute (from `Makefile', line 45):
	@ARCH=$(ARCH) \
	SERVICE_NAME="$(SERVICE_NAME)" \
	SERVICE_VERSION="$(SERVICE_VERSION)"\
	PATTERN_NAME="$(PATTERN_NAME)" \
	hzn exchange pattern publish -f pattern.json
	

# Not a target:
.SUFFIXES:
#  Implicit rule search has not been done.
#  Modification time never checked.
#  File has not been updated.

push:
#  Phony target (prerequisite of .PHONY).
#  Implicit rule search has not been done.
#  File does not exist.
#  File has not been updated.
#  commands to execute (from `Makefile', line 35):
	docker push $(DOCKERHUB_ID)/$(SERVICE_NAME):$(SERVICE_VERSION) 
	

# Not a target:
Makefile:
#  Implicit rule search has been done.
#  Last modified 2022-06-11 16:23:48
#  File has been updated.
#  Successfully updated.
# variable set hash-table stats:
# Load=0/32=0%, Rehash=0, Collisions=0/0=0%

test:
#  Phony target (prerequisite of .PHONY).
#  Implicit rule search has not been done.
#  File does not exist.
#  File has not been updated.
#  commands to execute (from `Makefile', line 32):
	@curl -sS http://127.0.0.1:8000
	

build:
#  Phony target (prerequisite of .PHONY).
#  Implicit rule search has not been done.
#  File does not exist.
#  File has not been updated.
#  commands to execute (from `Makefile', line 16):
	docker build -t $(DOCKERHUB_ID)/$(SERVICE_NAME):$(SERVICE_VERSION) .
	

agent-stop:
#  Phony target (prerequisite of .PHONY).
#  Implicit rule search has not been done.
#  File does not exist.
#  File has not been updated.
#  commands to execute (from `Makefile', line 61):
	hzn unregister -f
	

default: build run
#  Implicit rule search has not been done.
#  Modification time never checked.
#  File has not been updated.

dev: stop build
#  Phony target (prerequisite of .PHONY).
#  Implicit rule search has not been done.
#  File does not exist.
#  File has not been updated.
#  commands to execute (from `Makefile', line 19):
	docker run -it -v `pwd`:/outside \
	--name ${SERVICE_NAME} \
	-p 8000:8000 \
	$(DOCKERHUB_ID)/$(SERVICE_NAME):$(SERVICE_VERSION) /bin/bash
	

# Not a target:
.DEFAULT:
#  Implicit rule search has not been done.
#  Modification time never checked.
#  File has not been updated.

run: stop
#  Phony target (prerequisite of .PHONY).
#  Implicit rule search has not been done.
#  File does not exist.
#  File has not been updated.
#  commands to execute (from `Makefile', line 25):
	docker run -d \
	--name ${SERVICE_NAME} \
	--restart unless-stopped \
	-p 8000:8000 \
 
	$(DOCKERHUB_ID)/$(SERVICE_NAME):$(SERVICE_VERSION)
	

clean:
#  Phony target (prerequisite of .PHONY).
#  Implicit rule search has not been done.
#  File does not exist.
#  File has not been updated.
#  commands to execute (from `Makefile', line 55):
	@docker rmi -f $(DOCKERHUB_ID)/$(SERVICE_NAME):$(SERVICE_VERSION) >/dev/null 2>&1 || :
	

agent-run:
#  Phony target (prerequisite of .PHONY).
#  Implicit rule search has not been done.
#  File does not exist.
#  File has not been updated.
#  commands to execute (from `Makefile', line 58):
	hzn register --pattern "${HZN_ORG_ID}/$(PATTERN_NAME)"
	

# files hash-table stats:
# Load=17/1024=2%, Rehash=0, Collisions=0/45=0%
# VPATH Search Paths

# No `vpath' search paths.

# No general (`VPATH' variable) search path.

# # of strings in strcache: 1
# # of strcache buffers: 1
# strcache size: total = 4096 / max = 4096 / min = 4096 / avg = 4096
# strcache free: total = 4087 / max = 4087 / min = 4087 / avg = 4087

# Finished Make data base on Sat Jun 11 16:31:53 2022

 
